<?xml version="1.0" encoding="UTF-8"?>
<!-- Generated by org.testng.reporters.JUnitXMLReporter -->
<testsuite ignored="0" hostname="DESKTOP-MTSPVRR" failures="1" tests="4" name="TestNG Features" time="0.015" errors="0" timestamp="26 Dec. 2022 00:37:58 GMT">
  <testcase classname="com.testng.practice.DependencyTest" name="login" time="0.0">
    <failure type="java.lang.ArithmeticException" message="/ by zero">
      <![CDATA[java.lang.ArithmeticException: / by zero
at com.testng.practice.DependencyTest.login(DependencyTest.java:10)
... Removed 24 stack frames]]>
    </failure>
  </testcase> <!-- login -->
  <testcase classname="com.testng.practice.TestNGBasics" name="logotest" time="0.0"/>
  <testcase classname="com.testng.practice.TestNGBasics" name="searchtest" time="0.0"/>
  <testcase classname="com.testng.practice.TestNGBasics" name="titletest" time="0.0"/>
</testsuite> <!-- TestNG Features -->
