<?xml version="1.0" encoding="UTF-8"?>
<!-- Generated by org.testng.reporters.JUnitXMLReporter -->
<testsuite ignored="3" hostname="DESKTOP-MTSPVRR" failures="0" tests="3" name="GRP-test" time="0.027" errors="0" timestamp="2022-12-24T17:52:42 EST">
  <testcase classname="com.testng.practice.GoogleTest" name="test1" time="0.004"/>
  <testcase classname="com.testng.practice.GoogleTest" name="test2" time="0.0"/>
  <testcase classname="com.testng.practice.GoogleTest" name="test3" time="0.001"/>
  <testcase classname="com.testng.practice.GoogleTest" name="logotest" time="0.0">
    <ignored/>
  </testcase> <!-- logotest -->
  <testcase classname="com.testng.practice.GoogleTest" name="googletitle" time="0.0">
    <ignored/>
  </testcase> <!-- googletitle -->
  <testcase classname="com.testng.practice.GoogleTest" name="mailLinkTest" time="0.0">
    <ignored/>
  </testcase> <!-- mailLinkTest -->
</testsuite> <!-- GRP-test -->
