<?xml version="1.0" encoding="UTF-8"?>
<testng-results ignored="0" total="4" passed="3" failed="1" skipped="0">
  <reporter-output>
  </reporter-output>
  <suite started-at="2022-12-26T00:37:58Z" name="TestNG Practice Suite" finished-at="2022-12-26T00:37:58Z" duration-ms="15">
    <groups>
      <group name="test">
        <method signature="GoogleTest.test1()[pri:4, instance:com.testng.practice.GoogleTest@1a8a8f7c]" name="test1" class="com.testng.practice.GoogleTest"/>
        <method signature="GoogleTest.test2()[pri:5, instance:com.testng.practice.GoogleTest@1a8a8f7c]" name="test2" class="com.testng.practice.GoogleTest"/>
        <method signature="GoogleTest.test3()[pri:6, instance:com.testng.practice.GoogleTest@1a8a8f7c]" name="test3" class="com.testng.practice.GoogleTest"/>
      </group> <!-- test -->
      <group name="logo">
        <method signature="GoogleTest.logotest()[pri:2, instance:com.testng.practice.GoogleTest@1a8a8f7c]" name="logotest" class="com.testng.practice.GoogleTest"/>
      </group> <!-- logo -->
      <group name="title">
        <method signature="GoogleTest.googletitle()[pri:1, instance:com.testng.practice.GoogleTest@1a8a8f7c]" name="googletitle" class="com.testng.practice.GoogleTest"/>
      </group> <!-- title -->
      <group name="email">
        <method signature="GoogleTest.mailLinkTest()[pri:3, instance:com.testng.practice.GoogleTest@1a8a8f7c]" name="mailLinkTest" class="com.testng.practice.GoogleTest"/>
      </group> <!-- email -->
    </groups>
    <test started-at="2022-12-26T00:37:58Z" name="TestNG Features" finished-at="2022-12-26T00:37:58Z" duration-ms="15">
      <class name="com.testng.practice.DependencyTest">
        <test-method signature="login()[pri:0, instance:com.testng.practice.DependencyTest@467aecef]" started-at="2022-12-26T00:37:58Z" name="login" finished-at="2022-12-26T00:37:58Z" duration-ms="0" status="FAIL">
          <exception class="java.lang.ArithmeticException">
            <message>
              <![CDATA[/ by zero]]>
            </message>
            <full-stacktrace>
              <![CDATA[java.lang.ArithmeticException: / by zero
at com.testng.practice.DependencyTest.login(DependencyTest.java:10)
at java.base/jdk.internal.reflect.NativeMethodAccessorImpl.invoke0(Native Method)
at java.base/jdk.internal.reflect.NativeMethodAccessorImpl.invoke(NativeMethodAccessorImpl.java:77)
at java.base/jdk.internal.reflect.DelegatingMethodAccessorImpl.invoke(DelegatingMethodAccessorImpl.java:43)
at java.base/java.lang.reflect.Method.invoke(Method.java:568)
at org.testng.internal.MethodInvocationHelper.invokeMethod(MethodInvocationHelper.java:124)
at org.testng.internal.Invoker.invokeMethod(Invoker.java:580)
at org.testng.internal.Invoker.invokeTestMethod(Invoker.java:716)
at org.testng.internal.Invoker.invokeTestMethods(Invoker.java:988)
at org.testng.internal.TestMethodWorker.invokeTestMethods(TestMethodWorker.java:125)
at org.testng.internal.TestMethodWorker.run(TestMethodWorker.java:109)
at org.testng.TestRunner.privateRun(TestRunner.java:648)
at org.testng.TestRunner.run(TestRunner.java:505)
at org.testng.SuiteRunner.runTest(SuiteRunner.java:455)
at org.testng.SuiteRunner.runSequentially(SuiteRunner.java:450)
at org.testng.SuiteRunner.privateRun(SuiteRunner.java:415)
at org.testng.SuiteRunner.run(SuiteRunner.java:364)
at org.testng.SuiteRunnerWorker.runSuite(SuiteRunnerWorker.java:52)
at org.testng.SuiteRunnerWorker.run(SuiteRunnerWorker.java:84)
at org.testng.TestNG.runSuitesSequentially(TestNG.java:1208)
at org.testng.TestNG.runSuitesLocally(TestNG.java:1137)
at org.testng.TestNG.runSuites(TestNG.java:1049)
at org.testng.TestNG.run(TestNG.java:1017)
at org.testng.TestNG.privateMain(TestNG.java:1354)
at org.testng.TestNG.main(TestNG.java:1323)
]]>
            </full-stacktrace>
          </exception> <!-- java.lang.ArithmeticException -->
          <reporter-output>
          </reporter-output>
        </test-method> <!-- login -->
      </class> <!-- com.testng.practice.DependencyTest -->
      <class name="com.testng.practice.TestNGBasics">
        <test-method is-config="true" signature="setup()[pri:0, instance:com.testng.practice.TestNGBasics@3cb1ffe6]" started-at="2022-12-26T00:37:58Z" name="setup" finished-at="2022-12-26T00:37:58Z" duration-ms="0" status="PASS">
          <reporter-output>
          </reporter-output>
        </test-method> <!-- setup -->
        <test-method is-config="true" signature="launchbrowser()[pri:0, instance:com.testng.practice.TestNGBasics@3cb1ffe6]" started-at="2022-12-26T00:37:58Z" name="launchbrowser" finished-at="2022-12-26T00:37:58Z" duration-ms="0" status="PASS">
          <reporter-output>
          </reporter-output>
        </test-method> <!-- launchbrowser -->
        <test-method is-config="true" signature="logout()[pri:0, instance:com.testng.practice.TestNGBasics@3cb1ffe6]" started-at="2022-12-26T00:37:58Z" name="logout" finished-at="2022-12-26T00:37:58Z" duration-ms="0" status="PASS">
          <reporter-output>
          </reporter-output>
        </test-method> <!-- logout -->
        <test-method is-config="true" signature="enterurl()[pri:0, instance:com.testng.practice.TestNGBasics@3cb1ffe6]" started-at="2022-12-26T00:37:58Z" name="enterurl" finished-at="2022-12-26T00:37:58Z" duration-ms="0" status="PASS">
          <reporter-output>
          </reporter-output>
        </test-method> <!-- enterurl -->
        <test-method is-config="true" signature="enterurl()[pri:0, instance:com.testng.practice.TestNGBasics@3cb1ffe6]" started-at="2022-12-26T00:37:58Z" name="enterurl" finished-at="2022-12-26T00:37:58Z" duration-ms="0" status="PASS">
          <reporter-output>
          </reporter-output>
        </test-method> <!-- enterurl -->
        <test-method is-config="true" signature="login()[pri:0, instance:com.testng.practice.TestNGBasics@3cb1ffe6]" started-at="2022-12-26T00:37:58Z" name="login" finished-at="2022-12-26T00:37:58Z" duration-ms="0" status="PASS">
          <reporter-output>
          </reporter-output>
        </test-method> <!-- login -->
        <test-method is-config="true" signature="deletecookies()[pri:0, instance:com.testng.practice.TestNGBasics@3cb1ffe6]" started-at="2022-12-26T00:37:58Z" name="deletecookies" finished-at="2022-12-26T00:37:58Z" duration-ms="0" status="PASS">
          <reporter-output>
          </reporter-output>
        </test-method> <!-- deletecookies -->
        <test-method is-config="true" signature="logout()[pri:0, instance:com.testng.practice.TestNGBasics@3cb1ffe6]" started-at="2022-12-26T00:37:58Z" name="logout" finished-at="2022-12-26T00:37:58Z" duration-ms="0" status="PASS">
          <reporter-output>
          </reporter-output>
        </test-method> <!-- logout -->
        <test-method is-config="true" signature="logout()[pri:0, instance:com.testng.practice.TestNGBasics@3cb1ffe6]" started-at="2022-12-26T00:37:58Z" name="logout" finished-at="2022-12-26T00:37:58Z" duration-ms="0" status="PASS">
          <reporter-output>
          </reporter-output>
        </test-method> <!-- logout -->
        <test-method is-config="true" signature="closebrowser()[pri:0, instance:com.testng.practice.TestNGBasics@3cb1ffe6]" started-at="2022-12-26T00:37:58Z" name="closebrowser" finished-at="2022-12-26T00:37:58Z" duration-ms="0" status="PASS">
          <reporter-output>
          </reporter-output>
        </test-method> <!-- closebrowser -->
        <test-method signature="logotest()[pri:0, instance:com.testng.practice.TestNGBasics@3cb1ffe6]" started-at="2022-12-26T00:37:58Z" name="logotest" finished-at="2022-12-26T00:37:58Z" duration-ms="0" status="PASS">
          <reporter-output>
          </reporter-output>
        </test-method> <!-- logotest -->
        <test-method signature="searchtest()[pri:0, instance:com.testng.practice.TestNGBasics@3cb1ffe6]" started-at="2022-12-26T00:37:58Z" name="searchtest" finished-at="2022-12-26T00:37:58Z" duration-ms="0" status="PASS">
          <reporter-output>
          </reporter-output>
        </test-method> <!-- searchtest -->
        <test-method is-config="true" signature="enterurl()[pri:0, instance:com.testng.practice.TestNGBasics@3cb1ffe6]" started-at="2022-12-26T00:37:58Z" name="enterurl" finished-at="2022-12-26T00:37:58Z" duration-ms="0" status="PASS">
          <reporter-output>
          </reporter-output>
        </test-method> <!-- enterurl -->
        <test-method signature="titletest()[pri:0, instance:com.testng.practice.TestNGBasics@3cb1ffe6]" started-at="2022-12-26T00:37:58Z" name="titletest" finished-at="2022-12-26T00:37:58Z" duration-ms="0" status="PASS">
          <reporter-output>
          </reporter-output>
        </test-method> <!-- titletest -->
      </class> <!-- com.testng.practice.TestNGBasics -->
    </test> <!-- TestNG Features -->
  </suite> <!-- TestNG Practice Suite -->
</testng-results>
